<?xml version="1.0" encoding="UTF-8"?>
<!-- Generated by org.testng.reporters.JUnitXMLReporter -->
<testsuite hostname="DESKTOP-TU76DCC" ignored="0" name="ContinueToPayment" tests="1" failures="1" timestamp="31 Jul 2018 11:55:21 GMT" time="46.688" errors="0">
  <testcase name="ContinueToPayment" time="45.887" classname="SystemMailTracking.testcases.SessionSuite.ContinueToPaymentTest">
    <failure type="java.lang.reflect.InvocationTargetException">
      <![CDATA[java.lang.reflect.InvocationTargetException
	at SystemMailTracking.driver.DriverScript.executeKeywords(DriverScript.java:49)
	at SystemMailTracking.testcases.SessionSuite.ContinueToPaymentTest.ContinueToPayment(ContinueToPaymentTest.java:24)
Caused by: java.lang.AssertionError: The following asserts failed:
	Object Not Found BillingInfoPostalCode_xpath,
	Failed to do successful payment during account creation
	at SystemMailTracking.keywords.GenericKeywords.reportFailure(GenericKeywords.java:362)
	at SystemMailTracking.keywords.AppKeywords.VerifyFillingBillingInfo(AppKeywords.java:234)
	... 35 more
... Removed 34 stack frames]]>
    </failure>
  </testcase> <!-- ContinueToPayment -->
</testsuite> <!-- ContinueToPayment -->
