<?xml version="1.0" encoding="UTF-8"?>
<testng-results skipped="0" failed="7" ignored="0" total="11" passed="4">
  <reporter-output>
  </reporter-output>
  <suite name="My suite" duration-ms="0" started-at="2018-07-31T12:00:01Z" finished-at="2018-07-31T12:00:01Z">
    <groups>
    </groups>
  </suite> <!-- My suite -->
  <suite name="SessionSuite" duration-ms="188373" started-at="2018-07-31T11:53:28Z" finished-at="2018-07-31T11:56:36Z">
    <groups>
    </groups>
    <test name="Login Test" duration-ms="14948" started-at="2018-07-31T11:53:28Z" finished-at="2018-07-31T11:53:42Z">
      <class name="SystemMailTracking.testcases.SessionSuite.LoginTest">
        <test-method status="PASS" signature="init()[pri:0, instance:SystemMailTracking.testcases.SessionSuite.LoginTest@3cda1055]" name="init" is-config="true" duration-ms="610" started-at="2018-07-31T17:23:28Z" finished-at="2018-07-31T17:23:28Z">
          <reporter-output>
          </reporter-output>
        </test-method> <!-- init -->
        <test-method status="PASS" signature="initTest()[pri:0, instance:SystemMailTracking.testcases.SessionSuite.LoginTest@3cda1055]" name="initTest" is-config="true" duration-ms="140" started-at="2018-07-31T17:23:28Z" finished-at="2018-07-31T17:23:28Z">
          <reporter-output>
          </reporter-output>
        </test-method> <!-- initTest -->
        <test-method status="PASS" signature="loginTest(java.util.Hashtable)[pri:0, instance:SystemMailTracking.testcases.SessionSuite.LoginTest@3cda1055]" name="loginTest" duration-ms="12967" started-at="2018-07-31T17:23:28Z" data-provider="getData" finished-at="2018-07-31T17:23:41Z">
          <params>
            <param index="0">
              <value>
                <![CDATA[{Username=Automationdonotuse@mailinator.com, ExpectedResult=Success, Password=r123456789, Runmode=Y, Browser=Chrome}]]>
              </value>
            </param>
          </params>
          <reporter-output>
          </reporter-output>
        </test-method> <!-- loginTest -->
        <test-method status="PASS" signature="quit()[pri:0, instance:SystemMailTracking.testcases.SessionSuite.LoginTest@3cda1055]" name="quit" is-config="true" duration-ms="1201" started-at="2018-07-31T17:23:41Z" finished-at="2018-07-31T17:23:42Z">
          <reporter-output>
          </reporter-output>
        </test-method> <!-- quit -->
      </class> <!-- SystemMailTracking.testcases.SessionSuite.LoginTest -->
    </test> <!-- Login Test -->
    <test name="ForgotPassword" duration-ms="6174" started-at="2018-07-31T11:53:43Z" finished-at="2018-07-31T11:53:49Z">
      <class name="SystemMailTracking.testcases.SessionSuite.ForgotPasswordTestCase">
        <test-method status="PASS" signature="init()[pri:0, instance:SystemMailTracking.testcases.SessionSuite.ForgotPasswordTestCase@5315b42e]" name="init" is-config="true" duration-ms="111" started-at="2018-07-31T17:23:43Z" finished-at="2018-07-31T17:23:43Z">
          <reporter-output>
          </reporter-output>
        </test-method> <!-- init -->
        <test-method status="PASS" signature="initTest()[pri:0, instance:SystemMailTracking.testcases.SessionSuite.ForgotPasswordTestCase@5315b42e]" name="initTest" is-config="true" duration-ms="0" started-at="2018-07-31T17:23:43Z" finished-at="2018-07-31T17:23:43Z">
          <reporter-output>
          </reporter-output>
        </test-method> <!-- initTest -->
        <test-method status="FAIL" signature="ForgotPasswordTest(java.util.Hashtable)[pri:0, instance:SystemMailTracking.testcases.SessionSuite.ForgotPasswordTestCase@5315b42e]" name="ForgotPasswordTest" duration-ms="5019" started-at="2018-07-31T17:23:43Z" data-provider="getData" finished-at="2018-07-31T17:23:48Z">
          <params>
            <param index="0">
              <value>
                <![CDATA[{NewPassword=r123456789, Runmode=Y, ConfirmPassword=r123456789, ValidateText=An email has been sent to your email account with instructions to reset your password. Please check Junk/Spam folders for this message and wait up to 10 minutes for it., Email=Automationdonotuse@mailinator.com, Browser=Chrome}]]>
              </value>
            </param>
          </params>
          <exception class="java.lang.reflect.InvocationTargetException">
            <full-stacktrace>
              <![CDATA[java.lang.reflect.InvocationTargetException
	at sun.reflect.NativeMethodAccessorImpl.invoke0(Native Method)
	at sun.reflect.NativeMethodAccessorImpl.invoke(NativeMethodAccessorImpl.java:62)
	at sun.reflect.DelegatingMethodAccessorImpl.invoke(DelegatingMethodAccessorImpl.java:43)
	at java.lang.reflect.Method.invoke(Method.java:498)
	at SystemMailTracking.driver.DriverScript.executeKeywords(DriverScript.java:49)
	at SystemMailTracking.testcases.SessionSuite.ForgotPasswordTestCase.ForgotPasswordTest(ForgotPasswordTestCase.java:28)
	at sun.reflect.NativeMethodAccessorImpl.invoke0(Native Method)
	at sun.reflect.NativeMethodAccessorImpl.invoke(NativeMethodAccessorImpl.java:62)
	at sun.reflect.DelegatingMethodAccessorImpl.invoke(DelegatingMethodAccessorImpl.java:43)
	at java.lang.reflect.Method.invoke(Method.java:498)
	at org.testng.internal.MethodInvocationHelper.invokeMethod(MethodInvocationHelper.java:104)
	at org.testng.internal.Invoker.invokeMethod(Invoker.java:645)
	at org.testng.internal.Invoker.invokeTestMethod(Invoker.java:851)
	at org.testng.internal.Invoker.invokeTestMethods(Invoker.java:1177)
	at org.testng.internal.TestMethodWorker.invokeTestMethods(TestMethodWorker.java:129)
	at org.testng.internal.TestMethodWorker.run(TestMethodWorker.java:112)
	at org.testng.TestRunner.privateRun(TestRunner.java:756)
	at org.testng.TestRunner.run(TestRunner.java:610)
	at org.testng.SuiteRunner.runTest(SuiteRunner.java:387)
	at org.testng.SuiteRunner.runSequentially(SuiteRunner.java:382)
	at org.testng.SuiteRunner.privateRun(SuiteRunner.java:340)
	at org.testng.SuiteRunner.run(SuiteRunner.java:289)
	at org.testng.SuiteRunnerWorker.runSuite(SuiteRunnerWorker.java:52)
	at org.testng.SuiteRunnerWorker.run(SuiteRunnerWorker.java:86)
	at org.testng.TestNG.runSuitesSequentially(TestNG.java:1293)
	at org.testng.TestNG.runSuitesSequentially(TestNG.java:1289)
	at org.testng.TestNG.runSuitesLocally(TestNG.java:1218)
	at org.testng.TestNG.runSuites(TestNG.java:1133)
	at org.testng.TestNG.run(TestNG.java:1104)
	at org.apache.maven.surefire.testng.TestNGExecutor.run(TestNGExecutor.java:281)
	at org.apache.maven.surefire.testng.TestNGXmlTestSuite.execute(TestNGXmlTestSuite.java:75)
	at org.apache.maven.surefire.testng.TestNGProvider.invoke(TestNGProvider.java:121)
	at org.apache.maven.surefire.booter.ForkedBooter.invokeProviderInSameClassLoader(ForkedBooter.java:290)
	at org.apache.maven.surefire.booter.ForkedBooter.runSuitesInProcess(ForkedBooter.java:242)
	at org.apache.maven.surefire.booter.ForkedBooter.main(ForkedBooter.java:121)
Caused by: org.openqa.selenium.WebDriverException: unknown error: cannot determine loading status
from unknown error: cannot determine loading status
from disconnected: Unable to receive message from renderer
  (Session info: chrome=67.0.3396.99)
  (Driver info: chromedriver=2.38.552522 (437e6fbedfa8762dec75e2c5b3ddb86763dc9dcb),platform=Windows NT 10.0.17134 x86_64) (WARNING: The server did not provide any stacktrace information)
Command duration or timeout: 0 milliseconds
Build info: version: '3.11.0', revision: 'e59cfb3', time: '2018-03-11T20:26:55.152Z'
System info: host: 'DESKTOP-TU76DCC', ip: '192.168.0.102', os.name: 'Windows 10', os.arch: 'amd64', os.version: '10.0', java.version: '1.8.0_151'
Driver info: org.openqa.selenium.chrome.ChromeDriver
Capabilities {acceptInsecureCerts: false, acceptSslCerts: false, applicationCacheEnabled: false, browserConnectionEnabled: false, browserName: chrome, chrome: {chromedriverVersion: 2.38.552522 (437e6fbedfa876..., userDataDir: C:\Users\RASHMI~1\AppData\L...}, cssSelectorsEnabled: true, databaseEnabled: false, handlesAlerts: true, hasTouchScreen: false, javascriptEnabled: true, locationContextEnabled: true, mobileEmulationEnabled: false, nativeEvents: true, networkConnectionEnabled: false, pageLoadStrategy: normal, platform: XP, platformName: XP, rotatable: false, setWindowRect: true, takesHeapSnapshot: true, takesScreenshot: true, unexpectedAlertBehaviour: , unhandledPromptBehavior: , version: 67.0.3396.99, webStorageEnabled: true}
Session ID: 451e583f9c4a6b7273eef85266322200
	at sun.reflect.NativeConstructorAccessorImpl.newInstance0(Native Method)
	at sun.reflect.NativeConstructorAccessorImpl.newInstance(NativeConstructorAccessorImpl.java:62)
	at sun.reflect.DelegatingConstructorAccessorImpl.newInstance(DelegatingConstructorAccessorImpl.java:45)
	at java.lang.reflect.Constructor.newInstance(Constructor.java:423)
	at org.openqa.selenium.remote.ErrorHandler.createThrowable(ErrorHandler.java:214)
	at org.openqa.selenium.remote.ErrorHandler.throwIfResponseFailed(ErrorHandler.java:166)
	at org.openqa.selenium.remote.http.JsonHttpResponseCodec.reconstructValue(JsonHttpResponseCodec.java:40)
	at org.openqa.selenium.remote.http.AbstractHttpResponseCodec.decode(AbstractHttpResponseCodec.java:80)
	at org.openqa.selenium.remote.http.AbstractHttpResponseCodec.decode(AbstractHttpResponseCodec.java:44)
	at org.openqa.selenium.remote.HttpCommandExecutor.execute(HttpCommandExecutor.java:158)
	at org.openqa.selenium.remote.service.DriverCommandExecutor.execute(DriverCommandExecutor.java:83)
	at org.openqa.selenium.remote.RemoteWebDriver.execute(RemoteWebDriver.java:545)
	at org.openqa.selenium.remote.RemoteWebDriver.get(RemoteWebDriver.java:273)
	at SystemMailTracking.keywords.GenericKeywords.navigate(GenericKeywords.java:138)
	... 35 more
]]>
            </full-stacktrace>
          </exception> <!-- java.lang.reflect.InvocationTargetException -->
          <reporter-output>
          </reporter-output>
        </test-method> <!-- ForgotPasswordTest -->
        <test-method status="PASS" signature="quit()[pri:0, instance:SystemMailTracking.testcases.SessionSuite.ForgotPasswordTestCase@5315b42e]" name="quit" is-config="true" duration-ms="1023" started-at="2018-07-31T17:23:48Z" finished-at="2018-07-31T17:23:49Z">
          <reporter-output>
          </reporter-output>
        </test-method> <!-- quit -->
      </class> <!-- SystemMailTracking.testcases.SessionSuite.ForgotPasswordTestCase -->
    </test> <!-- ForgotPassword -->
    <test name="CreateNewAccount" duration-ms="44972" started-at="2018-07-31T11:53:49Z" finished-at="2018-07-31T11:54:34Z">
      <class name="SystemMailTracking.testcases.SessionSuite.CreateNewAccountTest">
        <test-method status="PASS" signature="init()[pri:0, instance:SystemMailTracking.testcases.SessionSuite.CreateNewAccountTest@6fb554cc]" name="init" is-config="true" duration-ms="108" started-at="2018-07-31T17:23:49Z" finished-at="2018-07-31T17:23:49Z">
          <reporter-output>
          </reporter-output>
        </test-method> <!-- init -->
        <test-method status="PASS" signature="initTest()[pri:0, instance:SystemMailTracking.testcases.SessionSuite.CreateNewAccountTest@6fb554cc]" name="initTest" is-config="true" duration-ms="2" started-at="2018-07-31T17:23:49Z" finished-at="2018-07-31T17:23:49Z">
          <reporter-output>
          </reporter-output>
        </test-method> <!-- initTest -->
        <test-method status="PASS" signature="CreateNewAccount(java.util.Hashtable)[pri:0, instance:SystemMailTracking.testcases.SessionSuite.CreateNewAccountTest@6fb554cc]" name="CreateNewAccount" duration-ms="43941" started-at="2018-07-31T17:23:49Z" data-provider="getData" finished-at="2018-07-31T17:24:33Z">
          <params>
            <param index="0">
              <value>
                <![CDATA[{ConfirmPassword=password@12, RepId2=TestRep2, RepId1=TestRep1, ValidateText=Your user account has been created you may now login to the RapidFunnel app.If you have not downloaded the app please do so through the Apple App Store or Google Play. You can also login online at my.prospectbylegalshield.com, Runmode=Y, Phone=9658877498, Additional Notification Email=Additionnotif@mailinator.com, Email=Autonewuser1@mailinator.com, Password=password@12, groupcode=qiRUR5, LastName=New Account, FirstName=Automation, Browser=Chrome}]]>
              </value>
            </param>
          </params>
          <reporter-output>
          </reporter-output>
        </test-method> <!-- CreateNewAccount -->
        <test-method status="PASS" signature="quit()[pri:0, instance:SystemMailTracking.testcases.SessionSuite.CreateNewAccountTest@6fb554cc]" name="quit" is-config="true" duration-ms="914" started-at="2018-07-31T17:24:33Z" finished-at="2018-07-31T17:24:34Z">
          <reporter-output>
          </reporter-output>
        </test-method> <!-- quit -->
      </class> <!-- SystemMailTracking.testcases.SessionSuite.CreateNewAccountTest -->
    </test> <!-- CreateNewAccount -->
    <test name="ContinueToPayment" duration-ms="46688" started-at="2018-07-31T11:54:34Z" finished-at="2018-07-31T11:55:20Z">
      <class name="SystemMailTracking.testcases.SessionSuite.ContinueToPaymentTest">
        <test-method status="PASS" signature="init()[pri:0, instance:SystemMailTracking.testcases.SessionSuite.ContinueToPaymentTest@327471b5]" name="init" is-config="true" duration-ms="86" started-at="2018-07-31T17:24:34Z" finished-at="2018-07-31T17:24:34Z">
          <reporter-output>
          </reporter-output>
        </test-method> <!-- init -->
        <test-method status="FAIL" signature="ContinueToPayment(java.util.Hashtable)[pri:0, instance:SystemMailTracking.testcases.SessionSuite.ContinueToPaymentTest@327471b5]" name="ContinueToPayment" duration-ms="45887" started-at="2018-07-31T17:24:34Z" data-provider="getData" finished-at="2018-07-31T17:25:20Z">
          <params>
            <param index="0">
              <value>
                <![CDATA[{ConfirmPassword=123456, Browser=Chrome, CardNumber=4242424242424242, Password=123456, Additional Notification Email=Additionnotif@mailinator.com, RepId2=TestRep2, RepId1=TestRep1, groupcode=qiRUR5, UserName=Automation, Runmode=Y, SuccessPaymentMessage=Congratulations! You have been upgraded to the RapidFunnel Premium version!, Phone=9658877498, LastName=New Account, AccountName=Automation New Account, FirstName=Automation, PostalCode=751076, Email=Autonewuser2@mailinator.com, CVVCode=623}]]>
              </value>
            </param>
          </params>
          <exception class="java.lang.reflect.InvocationTargetException">
            <full-stacktrace>
              <![CDATA[java.lang.reflect.InvocationTargetException
	at sun.reflect.NativeMethodAccessorImpl.invoke0(Native Method)
	at sun.reflect.NativeMethodAccessorImpl.invoke(NativeMethodAccessorImpl.java:62)
	at sun.reflect.DelegatingMethodAccessorImpl.invoke(DelegatingMethodAccessorImpl.java:43)
	at java.lang.reflect.Method.invoke(Method.java:498)
	at SystemMailTracking.driver.DriverScript.executeKeywords(DriverScript.java:49)
	at SystemMailTracking.testcases.SessionSuite.ContinueToPaymentTest.ContinueToPayment(ContinueToPaymentTest.java:24)
	at sun.reflect.NativeMethodAccessorImpl.invoke0(Native Method)
	at sun.reflect.NativeMethodAccessorImpl.invoke(NativeMethodAccessorImpl.java:62)
	at sun.reflect.DelegatingMethodAccessorImpl.invoke(DelegatingMethodAccessorImpl.java:43)
	at java.lang.reflect.Method.invoke(Method.java:498)
	at org.testng.internal.MethodInvocationHelper.invokeMethod(MethodInvocationHelper.java:104)
	at org.testng.internal.Invoker.invokeMethod(Invoker.java:645)
	at org.testng.internal.Invoker.invokeTestMethod(Invoker.java:851)
	at org.testng.internal.Invoker.invokeTestMethods(Invoker.java:1177)
	at org.testng.internal.TestMethodWorker.invokeTestMethods(TestMethodWorker.java:129)
	at org.testng.internal.TestMethodWorker.run(TestMethodWorker.java:112)
	at org.testng.TestRunner.privateRun(TestRunner.java:756)
	at org.testng.TestRunner.run(TestRunner.java:610)
	at org.testng.SuiteRunner.runTest(SuiteRunner.java:387)
	at org.testng.SuiteRunner.runSequentially(SuiteRunner.java:382)
	at org.testng.SuiteRunner.privateRun(SuiteRunner.java:340)
	at org.testng.SuiteRunner.run(SuiteRunner.java:289)
	at org.testng.SuiteRunnerWorker.runSuite(SuiteRunnerWorker.java:52)
	at org.testng.SuiteRunnerWorker.run(SuiteRunnerWorker.java:86)
	at org.testng.TestNG.runSuitesSequentially(TestNG.java:1293)
	at org.testng.TestNG.runSuitesSequentially(TestNG.java:1289)
	at org.testng.TestNG.runSuitesLocally(TestNG.java:1218)
	at org.testng.TestNG.runSuites(TestNG.java:1133)
	at org.testng.TestNG.run(TestNG.java:1104)
	at org.apache.maven.surefire.testng.TestNGExecutor.run(TestNGExecutor.java:281)
	at org.apache.maven.surefire.testng.TestNGXmlTestSuite.execute(TestNGXmlTestSuite.java:75)
	at org.apache.maven.surefire.testng.TestNGProvider.invoke(TestNGProvider.java:121)
	at org.apache.maven.surefire.booter.ForkedBooter.invokeProviderInSameClassLoader(ForkedBooter.java:290)
	at org.apache.maven.surefire.booter.ForkedBooter.runSuitesInProcess(ForkedBooter.java:242)
	at org.apache.maven.surefire.booter.ForkedBooter.main(ForkedBooter.java:121)
Caused by: java.lang.AssertionError: The following asserts failed:
	Object Not Found BillingInfoPostalCode_xpath,
	Failed to do successful payment during account creation
	at org.testng.asserts.SoftAssert.assertAll(SoftAssert.java:43)
	at SystemMailTracking.keywords.GenericKeywords.reportFailure(GenericKeywords.java:362)
	at SystemMailTracking.keywords.AppKeywords.VerifyFillingBillingInfo(AppKeywords.java:234)
	... 35 more
]]>
            </full-stacktrace>
          </exception> <!-- java.lang.reflect.InvocationTargetException -->
          <reporter-output>
          </reporter-output>
        </test-method> <!-- ContinueToPayment -->
        <test-method status="PASS" signature="initTest()[pri:0, instance:SystemMailTracking.testcases.SessionSuite.ContinueToPaymentTest@327471b5]" name="initTest" is-config="true" duration-ms="0" started-at="2018-07-31T17:24:34Z" finished-at="2018-07-31T17:24:34Z">
          <reporter-output>
          </reporter-output>
        </test-method> <!-- initTest -->
        <test-method status="PASS" signature="quit()[pri:0, instance:SystemMailTracking.testcases.SessionSuite.ContinueToPaymentTest@327471b5]" name="quit" is-config="true" duration-ms="709" started-at="2018-07-31T17:25:20Z" finished-at="2018-07-31T17:25:20Z">
          <reporter-output>
          </reporter-output>
        </test-method> <!-- quit -->
      </class> <!-- SystemMailTracking.testcases.SessionSuite.ContinueToPaymentTest -->
    </test> <!-- ContinueToPayment -->
    <test name="deletepaiduser" duration-ms="45678" started-at="2018-07-31T11:55:21Z" finished-at="2018-07-31T11:56:06Z">
      <class name="SystemMailTracking.testcases.SessionSuite.deletepaiduser">
        <test-method status="PASS" signature="init()[pri:0, instance:SystemMailTracking.testcases.SessionSuite.deletepaiduser@6615435c]" name="init" is-config="true" duration-ms="37" started-at="2018-07-31T17:25:21Z" finished-at="2018-07-31T17:25:21Z">
          <reporter-output>
          </reporter-output>
        </test-method> <!-- init -->
        <test-method status="PASS" signature="initTest()[pri:0, instance:SystemMailTracking.testcases.SessionSuite.deletepaiduser@6615435c]" name="initTest" is-config="true" duration-ms="1" started-at="2018-07-31T17:25:21Z" finished-at="2018-07-31T17:25:21Z">
          <reporter-output>
          </reporter-output>
        </test-method> <!-- initTest -->
        <test-method status="FAIL" signature="deletepaiduserTest(java.util.Hashtable)[pri:0, instance:SystemMailTracking.testcases.SessionSuite.deletepaiduser@6615435c]" name="deletepaiduserTest" duration-ms="44924" started-at="2018-07-31T17:25:21Z" data-provider="getData" finished-at="2018-07-31T17:26:05Z">
          <params>
            <param index="0">
              <value>
                <![CDATA[{Runmode=Y, Email=Autonewuser2@mailinator.com, Browser=Chrome}]]>
              </value>
            </param>
          </params>
          <exception class="java.lang.reflect.InvocationTargetException">
            <full-stacktrace>
              <![CDATA[java.lang.reflect.InvocationTargetException
	at sun.reflect.NativeMethodAccessorImpl.invoke0(Native Method)
	at sun.reflect.NativeMethodAccessorImpl.invoke(NativeMethodAccessorImpl.java:62)
	at sun.reflect.DelegatingMethodAccessorImpl.invoke(DelegatingMethodAccessorImpl.java:43)
	at java.lang.reflect.Method.invoke(Method.java:498)
	at SystemMailTracking.driver.DriverScript.executeKeywords(DriverScript.java:49)
	at SystemMailTracking.testcases.SessionSuite.deletepaiduser.deletepaiduserTest(deletepaiduser.java:24)
	at sun.reflect.NativeMethodAccessorImpl.invoke0(Native Method)
	at sun.reflect.NativeMethodAccessorImpl.invoke(NativeMethodAccessorImpl.java:62)
	at sun.reflect.DelegatingMethodAccessorImpl.invoke(DelegatingMethodAccessorImpl.java:43)
	at java.lang.reflect.Method.invoke(Method.java:498)
	at org.testng.internal.MethodInvocationHelper.invokeMethod(MethodInvocationHelper.java:104)
	at org.testng.internal.Invoker.invokeMethod(Invoker.java:645)
	at org.testng.internal.Invoker.invokeTestMethod(Invoker.java:851)
	at org.testng.internal.Invoker.invokeTestMethods(Invoker.java:1177)
	at org.testng.internal.TestMethodWorker.invokeTestMethods(TestMethodWorker.java:129)
	at org.testng.internal.TestMethodWorker.run(TestMethodWorker.java:112)
	at org.testng.TestRunner.privateRun(TestRunner.java:756)
	at org.testng.TestRunner.run(TestRunner.java:610)
	at org.testng.SuiteRunner.runTest(SuiteRunner.java:387)
	at org.testng.SuiteRunner.runSequentially(SuiteRunner.java:382)
	at org.testng.SuiteRunner.privateRun(SuiteRunner.java:340)
	at org.testng.SuiteRunner.run(SuiteRunner.java:289)
	at org.testng.SuiteRunnerWorker.runSuite(SuiteRunnerWorker.java:52)
	at org.testng.SuiteRunnerWorker.run(SuiteRunnerWorker.java:86)
	at org.testng.TestNG.runSuitesSequentially(TestNG.java:1293)
	at org.testng.TestNG.runSuitesSequentially(TestNG.java:1289)
	at org.testng.TestNG.runSuitesLocally(TestNG.java:1218)
	at org.testng.TestNG.runSuites(TestNG.java:1133)
	at org.testng.TestNG.run(TestNG.java:1104)
	at org.apache.maven.surefire.testng.TestNGExecutor.run(TestNGExecutor.java:281)
	at org.apache.maven.surefire.testng.TestNGXmlTestSuite.execute(TestNGXmlTestSuite.java:75)
	at org.apache.maven.surefire.testng.TestNGProvider.invoke(TestNGProvider.java:121)
	at org.apache.maven.surefire.booter.ForkedBooter.invokeProviderInSameClassLoader(ForkedBooter.java:290)
	at org.apache.maven.surefire.booter.ForkedBooter.runSuitesInProcess(ForkedBooter.java:242)
	at org.apache.maven.surefire.booter.ForkedBooter.main(ForkedBooter.java:121)
Caused by: java.lang.AssertionError: The following asserts failed:
	Object Not Found DeleteUserButton_xpath,
	Failed to delete the trial user
	at org.testng.asserts.SoftAssert.assertAll(SoftAssert.java:43)
	at SystemMailTracking.keywords.GenericKeywords.reportFailure(GenericKeywords.java:362)
	at SystemMailTracking.keywords.AppKeywords.deletepaiduser(AppKeywords.java:657)
	... 35 more
]]>
            </full-stacktrace>
          </exception> <!-- java.lang.reflect.InvocationTargetException -->
          <reporter-output>
          </reporter-output>
        </test-method> <!-- deletepaiduserTest -->
        <test-method status="PASS" signature="quit()[pri:0, instance:SystemMailTracking.testcases.SessionSuite.deletepaiduser@6615435c]" name="quit" is-config="true" duration-ms="714" started-at="2018-07-31T17:26:05Z" finished-at="2018-07-31T17:26:06Z">
          <reporter-output>
          </reporter-output>
        </test-method> <!-- quit -->
      </class> <!-- SystemMailTracking.testcases.SessionSuite.deletepaiduser -->
    </test> <!-- deletepaiduser -->
    <test name="deleteTrialuser" duration-ms="29595" started-at="2018-07-31T11:56:06Z" finished-at="2018-07-31T11:56:36Z">
      <class name="SystemMailTracking.testcases.SessionSuite.deleteTrialuser">
        <test-method status="PASS" signature="init()[pri:0, instance:SystemMailTracking.testcases.SessionSuite.deleteTrialuser@34b7bfc0]" name="init" is-config="true" duration-ms="64" started-at="2018-07-31T17:26:06Z" finished-at="2018-07-31T17:26:06Z">
          <reporter-output>
          </reporter-output>
        </test-method> <!-- init -->
        <test-method status="PASS" signature="initTest()[pri:0, instance:SystemMailTracking.testcases.SessionSuite.deleteTrialuser@34b7bfc0]" name="initTest" is-config="true" duration-ms="0" started-at="2018-07-31T17:26:06Z" finished-at="2018-07-31T17:26:06Z">
          <reporter-output>
          </reporter-output>
        </test-method> <!-- initTest -->
        <test-method status="PASS" signature="deleteTrialuserTest(java.util.Hashtable)[pri:0, instance:SystemMailTracking.testcases.SessionSuite.deleteTrialuser@34b7bfc0]" name="deleteTrialuserTest" duration-ms="28767" started-at="2018-07-31T17:26:06Z" data-provider="getData" finished-at="2018-07-31T17:26:35Z">
          <params>
            <param index="0">
              <value>
                <![CDATA[{Runmode=Y, Email=Autonewuser1@mailinator.com, Browser=Chrome}]]>
              </value>
            </param>
          </params>
          <reporter-output>
          </reporter-output>
        </test-method> <!-- deleteTrialuserTest -->
        <test-method status="PASS" signature="quit()[pri:0, instance:SystemMailTracking.testcases.SessionSuite.deleteTrialuser@34b7bfc0]" name="quit" is-config="true" duration-ms="761" started-at="2018-07-31T17:26:35Z" finished-at="2018-07-31T17:26:36Z">
          <reporter-output>
          </reporter-output>
        </test-method> <!-- quit -->
      </class> <!-- SystemMailTracking.testcases.SessionSuite.deleteTrialuser -->
    </test> <!-- deleteTrialuser -->
  </suite> <!-- SessionSuite -->
  <suite name="SystemEmails" duration-ms="202895" started-at="2018-07-31T11:56:36Z" finished-at="2018-07-31T11:59:59Z">
    <groups>
    </groups>
    <test name="Send Optin Email" duration-ms="28116" started-at="2018-07-31T11:56:36Z" finished-at="2018-07-31T11:57:04Z">
      <class name="SystemMailTracking.testcases.SystemEmails.AddNewContactOptinTest">
        <test-method status="PASS" signature="init()[pri:0, instance:SystemMailTracking.testcases.SystemEmails.AddNewContactOptinTest@36f6e879]" name="init" is-config="true" duration-ms="131" started-at="2018-07-31T17:26:36Z" finished-at="2018-07-31T17:26:36Z">
          <reporter-output>
          </reporter-output>
        </test-method> <!-- init -->
        <test-method status="FAIL" signature="AddNewContactOptin(java.util.Hashtable)[pri:0, instance:SystemMailTracking.testcases.SystemEmails.AddNewContactOptinTest@36f6e879]" name="AddNewContactOptin" duration-ms="27254" started-at="2018-07-31T17:26:36Z" data-provider="getData" finished-at="2018-07-31T17:27:03Z">
          <params>
            <param index="0">
              <value>
                <![CDATA[{Note=AutoNote, Tag=Auto, ExpectedText=Data saved successfully., Runmode=Y, CompanyName=RapidFunnel, Phone=9658820667, Email=automationcontact1@mailinator.com, Title=Mr., LastName=Contact, City=AutoCity, FirstName=Automation, Address2=AutoAdd2, Address1=AutoAdd1, PostalCode=751016, Browser=Chrome}]]>
              </value>
            </param>
          </params>
          <exception class="java.lang.reflect.InvocationTargetException">
            <full-stacktrace>
              <![CDATA[java.lang.reflect.InvocationTargetException
	at sun.reflect.NativeMethodAccessorImpl.invoke0(Native Method)
	at sun.reflect.NativeMethodAccessorImpl.invoke(NativeMethodAccessorImpl.java:62)
	at sun.reflect.DelegatingMethodAccessorImpl.invoke(DelegatingMethodAccessorImpl.java:43)
	at java.lang.reflect.Method.invoke(Method.java:498)
	at SystemMailTracking.driver.DriverScript.executeKeywords(DriverScript.java:49)
	at SystemMailTracking.testcases.SystemEmails.AddNewContactOptinTest.AddNewContactOptin(AddNewContactOptinTest.java:27)
	at sun.reflect.NativeMethodAccessorImpl.invoke0(Native Method)
	at sun.reflect.NativeMethodAccessorImpl.invoke(NativeMethodAccessorImpl.java:62)
	at sun.reflect.DelegatingMethodAccessorImpl.invoke(DelegatingMethodAccessorImpl.java:43)
	at java.lang.reflect.Method.invoke(Method.java:498)
	at org.testng.internal.MethodInvocationHelper.invokeMethod(MethodInvocationHelper.java:104)
	at org.testng.internal.Invoker.invokeMethod(Invoker.java:645)
	at org.testng.internal.Invoker.invokeTestMethod(Invoker.java:851)
	at org.testng.internal.Invoker.invokeTestMethods(Invoker.java:1177)
	at org.testng.internal.TestMethodWorker.invokeTestMethods(TestMethodWorker.java:129)
	at org.testng.internal.TestMethodWorker.run(TestMethodWorker.java:112)
	at org.testng.TestRunner.privateRun(TestRunner.java:756)
	at org.testng.TestRunner.run(TestRunner.java:610)
	at org.testng.SuiteRunner.runTest(SuiteRunner.java:387)
	at org.testng.SuiteRunner.runSequentially(SuiteRunner.java:382)
	at org.testng.SuiteRunner.privateRun(SuiteRunner.java:340)
	at org.testng.SuiteRunner.run(SuiteRunner.java:289)
	at org.testng.SuiteRunnerWorker.runSuite(SuiteRunnerWorker.java:52)
	at org.testng.SuiteRunnerWorker.run(SuiteRunnerWorker.java:86)
	at org.testng.TestNG.runSuitesSequentially(TestNG.java:1293)
	at org.testng.TestNG.runSuitesSequentially(TestNG.java:1289)
	at org.testng.TestNG.runSuitesLocally(TestNG.java:1218)
	at org.testng.TestNG.runSuites(TestNG.java:1133)
	at org.testng.TestNG.run(TestNG.java:1104)
	at org.apache.maven.surefire.testng.TestNGExecutor.run(TestNGExecutor.java:281)
	at org.apache.maven.surefire.testng.TestNGXmlTestSuite.execute(TestNGXmlTestSuite.java:75)
	at org.apache.maven.surefire.testng.TestNGProvider.invoke(TestNGProvider.java:121)
	at org.apache.maven.surefire.booter.ForkedBooter.invokeProviderInSameClassLoader(ForkedBooter.java:290)
	at org.apache.maven.surefire.booter.ForkedBooter.runSuitesInProcess(ForkedBooter.java:242)
	at org.apache.maven.surefire.booter.ForkedBooter.main(ForkedBooter.java:121)
Caused by: java.lang.AssertionError: The following asserts failed:
	Values Dont match. Got value as This contact email is already in your contact list. Please manage the existing contact record rather than creating a new one,
	Failed to Create a new contact
	at org.testng.asserts.SoftAssert.assertAll(SoftAssert.java:43)
	at SystemMailTracking.keywords.GenericKeywords.reportFailure(GenericKeywords.java:362)
	at SystemMailTracking.keywords.AppKeywords.verifyAddingNewContact(AppKeywords.java:388)
	... 35 more
]]>
            </full-stacktrace>
          </exception> <!-- java.lang.reflect.InvocationTargetException -->
          <reporter-output>
          </reporter-output>
        </test-method> <!-- AddNewContactOptin -->
        <test-method status="PASS" signature="initTest()[pri:0, instance:SystemMailTracking.testcases.SystemEmails.AddNewContactOptinTest@36f6e879]" name="initTest" is-config="true" duration-ms="0" started-at="2018-07-31T17:26:36Z" finished-at="2018-07-31T17:26:36Z">
          <reporter-output>
          </reporter-output>
        </test-method> <!-- initTest -->
        <test-method status="PASS" signature="quit()[pri:0, instance:SystemMailTracking.testcases.SystemEmails.AddNewContactOptinTest@36f6e879]" name="quit" is-config="true" duration-ms="728" started-at="2018-07-31T17:27:03Z" finished-at="2018-07-31T17:27:04Z">
          <reporter-output>
          </reporter-output>
        </test-method> <!-- quit -->
      </class> <!-- SystemMailTracking.testcases.SystemEmails.AddNewContactOptinTest -->
    </test> <!-- Send Optin Email -->
    <test name="Resend Optin Email" duration-ms="40819" started-at="2018-07-31T11:57:04Z" finished-at="2018-07-31T11:57:45Z">
      <class name="SystemMailTracking.testcases.SystemEmails.ReoptinEmailTest">
        <test-method status="PASS" signature="init()[pri:0, instance:SystemMailTracking.testcases.SystemEmails.ReoptinEmailTest@737996a0]" name="init" is-config="true" duration-ms="93" started-at="2018-07-31T17:27:04Z" finished-at="2018-07-31T17:27:04Z">
          <reporter-output>
          </reporter-output>
        </test-method> <!-- init -->
        <test-method status="FAIL" signature="ReoptinEmail(java.util.Hashtable)[pri:0, instance:SystemMailTracking.testcases.SystemEmails.ReoptinEmailTest@737996a0]" name="ReoptinEmail" duration-ms="40052" started-at="2018-07-31T17:27:04Z" data-provider="getData" finished-at="2018-07-31T17:27:44Z">
          <params>
            <param index="0">
              <value>
                <![CDATA[{Password=r123456789, Runmode=Y, UserName=Automationdonotuse@mailinator.com, Email=automationcontact1@mailinator.com, Browser=Chrome}]]>
              </value>
            </param>
          </params>
          <exception class="java.lang.reflect.InvocationTargetException">
            <full-stacktrace>
              <![CDATA[java.lang.reflect.InvocationTargetException
	at sun.reflect.NativeMethodAccessorImpl.invoke0(Native Method)
	at sun.reflect.NativeMethodAccessorImpl.invoke(NativeMethodAccessorImpl.java:62)
	at sun.reflect.DelegatingMethodAccessorImpl.invoke(DelegatingMethodAccessorImpl.java:43)
	at java.lang.reflect.Method.invoke(Method.java:498)
	at SystemMailTracking.driver.DriverScript.executeKeywords(DriverScript.java:49)
	at SystemMailTracking.testcases.SystemEmails.ReoptinEmailTest.ReoptinEmail(ReoptinEmailTest.java:27)
	at sun.reflect.NativeMethodAccessorImpl.invoke0(Native Method)
	at sun.reflect.NativeMethodAccessorImpl.invoke(NativeMethodAccessorImpl.java:62)
	at sun.reflect.DelegatingMethodAccessorImpl.invoke(DelegatingMethodAccessorImpl.java:43)
	at java.lang.reflect.Method.invoke(Method.java:498)
	at org.testng.internal.MethodInvocationHelper.invokeMethod(MethodInvocationHelper.java:104)
	at org.testng.internal.Invoker.invokeMethod(Invoker.java:645)
	at org.testng.internal.Invoker.invokeTestMethod(Invoker.java:851)
	at org.testng.internal.Invoker.invokeTestMethods(Invoker.java:1177)
	at org.testng.internal.TestMethodWorker.invokeTestMethods(TestMethodWorker.java:129)
	at org.testng.internal.TestMethodWorker.run(TestMethodWorker.java:112)
	at org.testng.TestRunner.privateRun(TestRunner.java:756)
	at org.testng.TestRunner.run(TestRunner.java:610)
	at org.testng.SuiteRunner.runTest(SuiteRunner.java:387)
	at org.testng.SuiteRunner.runSequentially(SuiteRunner.java:382)
	at org.testng.SuiteRunner.privateRun(SuiteRunner.java:340)
	at org.testng.SuiteRunner.run(SuiteRunner.java:289)
	at org.testng.SuiteRunnerWorker.runSuite(SuiteRunnerWorker.java:52)
	at org.testng.SuiteRunnerWorker.run(SuiteRunnerWorker.java:86)
	at org.testng.TestNG.runSuitesSequentially(TestNG.java:1293)
	at org.testng.TestNG.runSuitesSequentially(TestNG.java:1289)
	at org.testng.TestNG.runSuitesLocally(TestNG.java:1218)
	at org.testng.TestNG.runSuites(TestNG.java:1133)
	at org.testng.TestNG.run(TestNG.java:1104)
	at org.apache.maven.surefire.testng.TestNGExecutor.run(TestNGExecutor.java:281)
	at org.apache.maven.surefire.testng.TestNGXmlTestSuite.execute(TestNGXmlTestSuite.java:75)
	at org.apache.maven.surefire.testng.TestNGProvider.invoke(TestNGProvider.java:121)
	at org.apache.maven.surefire.booter.ForkedBooter.invokeProviderInSameClassLoader(ForkedBooter.java:290)
	at org.apache.maven.surefire.booter.ForkedBooter.runSuitesInProcess(ForkedBooter.java:242)
	at org.apache.maven.surefire.booter.ForkedBooter.main(ForkedBooter.java:121)
Caused by: java.lang.AssertionError: The following asserts failed:
	Failed to search the newly added contact
	at org.testng.asserts.SoftAssert.assertAll(SoftAssert.java:43)
	at SystemMailTracking.keywords.GenericKeywords.reportFailure(GenericKeywords.java:362)
	at SystemMailTracking.keywords.AppKeywords.VerifyReOptinEmail(AppKeywords.java:445)
	... 35 more
]]>
            </full-stacktrace>
          </exception> <!-- java.lang.reflect.InvocationTargetException -->
          <reporter-output>
          </reporter-output>
        </test-method> <!-- ReoptinEmail -->
        <test-method status="PASS" signature="initTest()[pri:0, instance:SystemMailTracking.testcases.SystemEmails.ReoptinEmailTest@737996a0]" name="initTest" is-config="true" duration-ms="0" started-at="2018-07-31T17:27:04Z" finished-at="2018-07-31T17:27:04Z">
          <reporter-output>
          </reporter-output>
        </test-method> <!-- initTest -->
        <test-method status="PASS" signature="quit()[pri:0, instance:SystemMailTracking.testcases.SystemEmails.ReoptinEmailTest@737996a0]" name="quit" is-config="true" duration-ms="673" started-at="2018-07-31T17:27:44Z" finished-at="2018-07-31T17:27:45Z">
          <reporter-output>
          </reporter-output>
        </test-method> <!-- quit -->
      </class> <!-- SystemMailTracking.testcases.SystemEmails.ReoptinEmailTest -->
    </test> <!-- Resend Optin Email -->
    <test name="Send Resource Email" duration-ms="56887" started-at="2018-07-31T11:57:45Z" finished-at="2018-07-31T11:58:42Z">
      <class name="SystemMailTracking.testcases.SystemEmails.ResourceEmailTest">
        <test-method status="PASS" signature="init()[pri:0, instance:SystemMailTracking.testcases.SystemEmails.ResourceEmailTest@97e1986]" name="init" is-config="true" duration-ms="51" started-at="2018-07-31T17:27:45Z" finished-at="2018-07-31T17:27:45Z">
          <reporter-output>
          </reporter-output>
        </test-method> <!-- init -->
        <test-method status="PASS" signature="initTest()[pri:0, instance:SystemMailTracking.testcases.SystemEmails.ResourceEmailTest@97e1986]" name="initTest" is-config="true" duration-ms="1" started-at="2018-07-31T17:27:45Z" finished-at="2018-07-31T17:27:45Z">
          <reporter-output>
          </reporter-output>
        </test-method> <!-- initTest -->
        <test-method status="FAIL" signature="ResourceEmail(java.util.Hashtable)[pri:0, instance:SystemMailTracking.testcases.SystemEmails.ResourceEmailTest@97e1986]" name="ResourceEmail" duration-ms="56117" started-at="2018-07-31T17:27:45Z" data-provider="getData" finished-at="2018-07-31T17:28:41Z">
          <params>
            <param index="0">
              <value>
                <![CDATA[{GmailPassword=password@12, Password=r123456789, Runmode=Y, UserName=Automationdonotuse@mailinator.com, Email=xponoacc@gmail.com, Browser=Chrome}]]>
              </value>
            </param>
          </params>
          <exception class="java.lang.reflect.InvocationTargetException">
            <full-stacktrace>
              <![CDATA[java.lang.reflect.InvocationTargetException
	at sun.reflect.NativeMethodAccessorImpl.invoke0(Native Method)
	at sun.reflect.NativeMethodAccessorImpl.invoke(NativeMethodAccessorImpl.java:62)
	at sun.reflect.DelegatingMethodAccessorImpl.invoke(DelegatingMethodAccessorImpl.java:43)
	at java.lang.reflect.Method.invoke(Method.java:498)
	at SystemMailTracking.driver.DriverScript.executeKeywords(DriverScript.java:49)
	at SystemMailTracking.testcases.SystemEmails.ResourceEmailTest.ResourceEmail(ResourceEmailTest.java:24)
	at sun.reflect.NativeMethodAccessorImpl.invoke0(Native Method)
	at sun.reflect.NativeMethodAccessorImpl.invoke(NativeMethodAccessorImpl.java:62)
	at sun.reflect.DelegatingMethodAccessorImpl.invoke(DelegatingMethodAccessorImpl.java:43)
	at java.lang.reflect.Method.invoke(Method.java:498)
	at org.testng.internal.MethodInvocationHelper.invokeMethod(MethodInvocationHelper.java:104)
	at org.testng.internal.Invoker.invokeMethod(Invoker.java:645)
	at org.testng.internal.Invoker.invokeTestMethod(Invoker.java:851)
	at org.testng.internal.Invoker.invokeTestMethods(Invoker.java:1177)
	at org.testng.internal.TestMethodWorker.invokeTestMethods(TestMethodWorker.java:129)
	at org.testng.internal.TestMethodWorker.run(TestMethodWorker.java:112)
	at org.testng.TestRunner.privateRun(TestRunner.java:756)
	at org.testng.TestRunner.run(TestRunner.java:610)
	at org.testng.SuiteRunner.runTest(SuiteRunner.java:387)
	at org.testng.SuiteRunner.runSequentially(SuiteRunner.java:382)
	at org.testng.SuiteRunner.privateRun(SuiteRunner.java:340)
	at org.testng.SuiteRunner.run(SuiteRunner.java:289)
	at org.testng.SuiteRunnerWorker.runSuite(SuiteRunnerWorker.java:52)
	at org.testng.SuiteRunnerWorker.run(SuiteRunnerWorker.java:86)
	at org.testng.TestNG.runSuitesSequentially(TestNG.java:1293)
	at org.testng.TestNG.runSuitesSequentially(TestNG.java:1289)
	at org.testng.TestNG.runSuitesLocally(TestNG.java:1218)
	at org.testng.TestNG.runSuites(TestNG.java:1133)
	at org.testng.TestNG.run(TestNG.java:1104)
	at org.apache.maven.surefire.testng.TestNGExecutor.run(TestNGExecutor.java:281)
	at org.apache.maven.surefire.testng.TestNGXmlTestSuite.execute(TestNGXmlTestSuite.java:75)
	at org.apache.maven.surefire.testng.TestNGProvider.invoke(TestNGProvider.java:121)
	at org.apache.maven.surefire.booter.ForkedBooter.invokeProviderInSameClassLoader(ForkedBooter.java:290)
	at org.apache.maven.surefire.booter.ForkedBooter.runSuitesInProcess(ForkedBooter.java:242)
	at org.apache.maven.surefire.booter.ForkedBooter.main(ForkedBooter.java:121)
Caused by: java.lang.AssertionError: The following asserts failed:
	Object Not Found GmailInboxclick_xpath,
	Failed to receive Resource email
	at org.testng.asserts.SoftAssert.assertAll(SoftAssert.java:43)
	at SystemMailTracking.keywords.GenericKeywords.reportFailure(GenericKeywords.java:362)
	at SystemMailTracking.keywords.AppKeywords.VerifyResourceEmailFromInbox(AppKeywords.java:528)
	... 35 more
]]>
            </full-stacktrace>
          </exception> <!-- java.lang.reflect.InvocationTargetException -->
          <reporter-output>
          </reporter-output>
        </test-method> <!-- ResourceEmail -->
        <test-method status="PASS" signature="quit()[pri:0, instance:SystemMailTracking.testcases.SystemEmails.ResourceEmailTest@97e1986]" name="quit" is-config="true" duration-ms="717" started-at="2018-07-31T17:28:41Z" finished-at="2018-07-31T17:28:42Z">
          <reporter-output>
          </reporter-output>
        </test-method> <!-- quit -->
      </class> <!-- SystemMailTracking.testcases.SystemEmails.ResourceEmailTest -->
    </test> <!-- Send Resource Email -->
    <test name="Broadcast Email" duration-ms="25179" started-at="2018-07-31T11:58:42Z" finished-at="2018-07-31T11:59:07Z">
      <class name="SystemMailTracking.testcases.SystemEmails.BroadCastEmailTest">
        <test-method status="PASS" signature="init()[pri:0, instance:SystemMailTracking.testcases.SystemEmails.BroadCastEmailTest@337d0578]" name="init" is-config="true" duration-ms="22" started-at="2018-07-31T17:28:42Z" finished-at="2018-07-31T17:28:42Z">
          <reporter-output>
          </reporter-output>
        </test-method> <!-- init -->
        <test-method status="PASS" signature="initTest()[pri:0, instance:SystemMailTracking.testcases.SystemEmails.BroadCastEmailTest@337d0578]" name="initTest" is-config="true" duration-ms="1" started-at="2018-07-31T17:28:42Z" finished-at="2018-07-31T17:28:42Z">
          <reporter-output>
          </reporter-output>
        </test-method> <!-- initTest -->
        <test-method status="FAIL" signature="BroadCastEmail(java.util.Hashtable)[pri:0, instance:SystemMailTracking.testcases.SystemEmails.BroadCastEmailTest@337d0578]" name="BroadCastEmail" duration-ms="24400" started-at="2018-07-31T17:28:42Z" data-provider="getData" finished-at="2018-07-31T17:29:06Z">
          <params>
            <param index="0">
              <value>
                <![CDATA[{GmailPassword=password@12, BroadCastEmailTextContent=Test Content Automation, BroadcastEmailAddress=xponoacc@gmail.com, SentEmailFrom=Rfsupporttest@mailinator.com, Runmode=Y, BroadCastEmailSubject=Test Automation Subject, BroadCastEmailContent=Test Automation Content, Browser=Chrome}]]>
              </value>
            </param>
          </params>
          <exception class="java.lang.reflect.InvocationTargetException">
            <full-stacktrace>
              <![CDATA[java.lang.reflect.InvocationTargetException
	at sun.reflect.NativeMethodAccessorImpl.invoke0(Native Method)
	at sun.reflect.NativeMethodAccessorImpl.invoke(NativeMethodAccessorImpl.java:62)
	at sun.reflect.DelegatingMethodAccessorImpl.invoke(DelegatingMethodAccessorImpl.java:43)
	at java.lang.reflect.Method.invoke(Method.java:498)
	at SystemMailTracking.driver.DriverScript.executeKeywords(DriverScript.java:49)
	at SystemMailTracking.testcases.SystemEmails.BroadCastEmailTest.BroadCastEmail(BroadCastEmailTest.java:27)
	at sun.reflect.NativeMethodAccessorImpl.invoke0(Native Method)
	at sun.reflect.NativeMethodAccessorImpl.invoke(NativeMethodAccessorImpl.java:62)
	at sun.reflect.DelegatingMethodAccessorImpl.invoke(DelegatingMethodAccessorImpl.java:43)
	at java.lang.reflect.Method.invoke(Method.java:498)
	at org.testng.internal.MethodInvocationHelper.invokeMethod(MethodInvocationHelper.java:104)
	at org.testng.internal.Invoker.invokeMethod(Invoker.java:645)
	at org.testng.internal.Invoker.invokeTestMethod(Invoker.java:851)
	at org.testng.internal.Invoker.invokeTestMethods(Invoker.java:1177)
	at org.testng.internal.TestMethodWorker.invokeTestMethods(TestMethodWorker.java:129)
	at org.testng.internal.TestMethodWorker.run(TestMethodWorker.java:112)
	at org.testng.TestRunner.privateRun(TestRunner.java:756)
	at org.testng.TestRunner.run(TestRunner.java:610)
	at org.testng.SuiteRunner.runTest(SuiteRunner.java:387)
	at org.testng.SuiteRunner.runSequentially(SuiteRunner.java:382)
	at org.testng.SuiteRunner.privateRun(SuiteRunner.java:340)
	at org.testng.SuiteRunner.run(SuiteRunner.java:289)
	at org.testng.SuiteRunnerWorker.runSuite(SuiteRunnerWorker.java:52)
	at org.testng.SuiteRunnerWorker.run(SuiteRunnerWorker.java:86)
	at org.testng.TestNG.runSuitesSequentially(TestNG.java:1293)
	at org.testng.TestNG.runSuitesSequentially(TestNG.java:1289)
	at org.testng.TestNG.runSuitesLocally(TestNG.java:1218)
	at org.testng.TestNG.runSuites(TestNG.java:1133)
	at org.testng.TestNG.run(TestNG.java:1104)
	at org.apache.maven.surefire.testng.TestNGExecutor.run(TestNGExecutor.java:281)
	at org.apache.maven.surefire.testng.TestNGXmlTestSuite.execute(TestNGXmlTestSuite.java:75)
	at org.apache.maven.surefire.testng.TestNGProvider.invoke(TestNGProvider.java:121)
	at org.apache.maven.surefire.booter.ForkedBooter.invokeProviderInSameClassLoader(ForkedBooter.java:290)
	at org.apache.maven.surefire.booter.ForkedBooter.runSuitesInProcess(ForkedBooter.java:242)
	at org.apache.maven.surefire.booter.ForkedBooter.main(ForkedBooter.java:121)
Caused by: java.lang.AssertionError: The following asserts failed:
	Object Not Found userName_xpath
	at org.testng.asserts.SoftAssert.assertAll(SoftAssert.java:43)
	at SystemMailTracking.keywords.GenericKeywords.reportFailure(GenericKeywords.java:362)
	at SystemMailTracking.keywords.GenericKeywords.getObject(GenericKeywords.java:314)
	at SystemMailTracking.keywords.AppKeywords.login(AppKeywords.java:36)
	... 35 more
]]>
            </full-stacktrace>
          </exception> <!-- java.lang.reflect.InvocationTargetException -->
          <reporter-output>
          </reporter-output>
        </test-method> <!-- BroadCastEmail -->
        <test-method status="PASS" signature="quit()[pri:0, instance:SystemMailTracking.testcases.SystemEmails.BroadCastEmailTest@337d0578]" name="quit" is-config="true" duration-ms="753" started-at="2018-07-31T17:29:06Z" finished-at="2018-07-31T17:29:07Z">
          <reporter-output>
          </reporter-output>
        </test-method> <!-- quit -->
      </class> <!-- SystemMailTracking.testcases.SystemEmails.BroadCastEmailTest -->
    </test> <!-- Broadcast Email -->
    <test name="Delete Contact" duration-ms="51792" started-at="2018-07-31T11:59:07Z" finished-at="2018-07-31T11:59:59Z">
      <class name="SystemMailTracking.testcases.SystemEmails.deletecontact">
        <test-method status="PASS" signature="init()[pri:0, instance:SystemMailTracking.testcases.SystemEmails.deletecontact@5cc7c2a6]" name="init" is-config="true" duration-ms="40" started-at="2018-07-31T17:29:07Z" finished-at="2018-07-31T17:29:07Z">
          <reporter-output>
          </reporter-output>
        </test-method> <!-- init -->
        <test-method status="PASS" signature="deletecontactTest(java.util.Hashtable)[pri:0, instance:SystemMailTracking.testcases.SystemEmails.deletecontact@5cc7c2a6]" name="deletecontactTest" duration-ms="50884" started-at="2018-07-31T17:29:07Z" data-provider="getData" finished-at="2018-07-31T17:29:58Z">
          <params>
            <param index="0">
              <value>
                <![CDATA[{Runmode=Y, Email=automationcontact1@mailinator.com, Browser=Chrome}]]>
              </value>
            </param>
          </params>
          <reporter-output>
          </reporter-output>
        </test-method> <!-- deletecontactTest -->
        <test-method status="PASS" signature="initTest()[pri:0, instance:SystemMailTracking.testcases.SystemEmails.deletecontact@5cc7c2a6]" name="initTest" is-config="true" duration-ms="0" started-at="2018-07-31T17:29:07Z" finished-at="2018-07-31T17:29:07Z">
          <reporter-output>
          </reporter-output>
        </test-method> <!-- initTest -->
        <test-method status="PASS" signature="quit()[pri:0, instance:SystemMailTracking.testcases.SystemEmails.deletecontact@5cc7c2a6]" name="quit" is-config="true" duration-ms="867" started-at="2018-07-31T17:29:58Z" finished-at="2018-07-31T17:29:59Z">
          <reporter-output>
          </reporter-output>
        </test-method> <!-- quit -->
      </class> <!-- SystemMailTracking.testcases.SystemEmails.deletecontact -->
    </test> <!-- Delete Contact -->
  </suite> <!-- SystemEmails -->
</testng-results>
